-------------------------------------------------------------------------------
Test set: com.middleware.wyd.IntegrationAPIServiceTests
-------------------------------------------------------------------------------
Tests run: 2, Failures: 0, Errors: 1, Skipped: 0, Time elapsed: 4.457 s <<< FAILURE! - in com.middleware.wyd.IntegrationAPIServiceTests
shouldCreateAccount  Time elapsed: 0.029 s  <<< ERROR!
org.mockito.exceptions.misusing.InvalidUseOfMatchersException: 

Misplaced or misused argument matcher detected here:

-> at com.middleware.wyd.IntegrationAPIServiceTests.shouldCreateAccount(IntegrationAPIServiceTests.java:29)
-> at com.middleware.wyd.IntegrationAPIServiceTests.shouldCreateAccount(IntegrationAPIServiceTests.java:29)

You cannot use argument matchers outside of verification or stubbing.
Examples of correct usage of argument matchers:
    when(mock.get(anyInt())).thenReturn(null);
    doThrow(new RuntimeException()).when(mock).someVoidMethod(any());
    verify(mock).someMethod(contains("foo"))

This message may appear after an NullPointerException if the last matcher is returning an object 
like any() but the stubbed method signature expect a primitive argument, in this case,
use primitive alternatives.
    when(mock.get(any())); // bad use, will raise NPE
    when(mock.get(anyInt())); // correct usage use

Also, this error might show up because you use argument matchers with methods that cannot be mocked.
Following methods *cannot* be stubbed/verified: final/private/equals()/hashCode().
Mocking methods declared on non-public parent classes is not supported.

	at com.middleware.wyd.IntegrationAPIServiceTests.shouldCreateAccount(IntegrationAPIServiceTests.java:29)

